Using pre-set license
Built from '2020.3/staging' branch; Version is '2020.3.18f1 (a7d1c678663c) revision 10998214'; Using compiler version '192528614'; Build Type 'Release'
OS: 'Windows 10 Pro; OS build 19042.1348; Version 2009; 64bit' Language: 'zh' Physical Memory: 16224 MB
BatchMode: 1, IsHumanControllingUs: 0, StartBugReporterOnCrash: 0, Is64bit: 1, IsPro: 0

COMMAND LINE ARGUMENTS:
C:\Program Files\Unity\Hub\Editor\2020.3.18f1\Editor\Unity.exe
-adb2
-batchMode
-noUpm
-name
AssetImportWorker0
-projectPath
D:/game_programming/Rubik_Star
-logFile
Logs/AssetImportWorker0.log
-srvPort
51029
Successfully changed project path to: D:/game_programming/Rubik_Star
D:/game_programming/Rubik_Star
Using Asset Import Pipeline V2.
Refreshing native plugins compatible for Editor in 112.62 ms, found 5 plugins.
Preloading 0 native plugins for Editor in 0.00 ms.
Initialize engine version: 2020.3.18f1 (a7d1c678663c)
[Subsystems] Discovering subsystems at path C:/Program Files/Unity/Hub/Editor/2020.3.18f1/Editor/Data/Resources/UnitySubsystems
[Subsystems] Discovering subsystems at path D:/game_programming/Rubik_Star/Assets
GfxDevice: creating device client; threaded=0
Direct3D:
    Version:  Direct3D 11.0 [level 11.1]
    Renderer: NVIDIA GeForce MX330 (ID=0x1d16)
    Vendor:   
    VRAM:     1983 MB
    Driver:   26.21.14.4187
Initialize mono
Mono path[0] = 'C:/Program Files/Unity/Hub/Editor/2020.3.18f1/Editor/Data/Managed'
Mono path[1] = 'C:/Program Files/Unity/Hub/Editor/2020.3.18f1/Editor/Data/MonoBleedingEdge/lib/mono/unityjit'
Mono config path = 'C:/Program Files/Unity/Hub/Editor/2020.3.18f1/Editor/Data/MonoBleedingEdge/etc'
Using monoOptions --debugger-agent=transport=dt_socket,embedding=1,server=y,suspend=n,address=127.0.0.1:56704
Begin MonoManager ReloadAssembly
Registering precompiled unity dll's ...
Register platform support module: C:/Program Files/Unity/Hub/Editor/2020.3.18f1/Editor/Data/PlaybackEngines/WebGLSupport/UnityEditor.WebGL.Extensions.dll
Register platform support module: C:/Program Files/Unity/Hub/Editor/2020.3.18f1/Editor/Data/PlaybackEngines/WindowsStandaloneSupport/UnityEditor.WindowsStandalone.Extensions.dll
Registered in 0.007753 seconds.
Native extension for WindowsStandalone target not found
Native extension for WebGL target not found
Refreshing native plugins compatible for Editor in 184.34 ms, found 5 plugins.
Preloading 0 native plugins for Editor in 0.00 ms.
Mono: successfully reloaded assembly
- Completed reload, in  2.838 seconds
Domain Reload Profiling:
	ReloadAssembly (2838ms)
		BeginReloadAssembly (126ms)
			ExecutionOrderSort (0ms)
			DisableScriptedObjects (0ms)
			BackupInstance (0ms)
			ReleaseScriptingObjects (0ms)
			CreateAndSetChildDomain (1ms)
		EndReloadAssembly (1415ms)
			LoadAssemblies (126ms)
			RebuildTransferFunctionScriptingTraits (0ms)
			SetupTypeCache (612ms)
			ReleaseScriptCaches (0ms)
			RebuildScriptCaches (156ms)
			SetupLoadedEditorAssemblies (412ms)
				LogAssemblyErrors (0ms)
				InitializePlatformSupportModulesInManaged (21ms)
				SetLoadedEditorAssemblies (1ms)
				RefreshPlugins (184ms)
				BeforeProcessingInitializeOnLoad (33ms)
				ProcessInitializeOnLoadAttributes (114ms)
				ProcessInitializeOnLoadMethodAttributes (58ms)
				AfterProcessingInitializeOnLoad (0ms)
				EditorAssembliesLoaded (0ms)
			ExecutionOrderSort2 (0ms)
			AwakeInstancesAfterBackupRestoration (0ms)
Platform modules already initialized, skipping
Registering precompiled user dll's ...
Registered in 0.008775 seconds.
Begin MonoManager ReloadAssembly
Native extension for WindowsStandalone target not found
Native extension for WebGL target not found
Refreshing native plugins compatible for Editor in 150.54 ms, found 5 plugins.
Preloading 0 native plugins for Editor in 0.00 ms.
Mono: successfully reloaded assembly
- Completed reload, in  3.180 seconds
Domain Reload Profiling:
	ReloadAssembly (3182ms)
		BeginReloadAssembly (558ms)
			ExecutionOrderSort (0ms)
			DisableScriptedObjects (14ms)
			BackupInstance (0ms)
			ReleaseScriptingObjects (0ms)
			CreateAndSetChildDomain (60ms)
		EndReloadAssembly (2425ms)
			LoadAssemblies (440ms)
			RebuildTransferFunctionScriptingTraits (0ms)
			SetupTypeCache (810ms)
			ReleaseScriptCaches (0ms)
			RebuildScriptCaches (71ms)
			SetupLoadedEditorAssemblies (992ms)
				LogAssemblyErrors (0ms)
				InitializePlatformSupportModulesInManaged (12ms)
				SetLoadedEditorAssemblies (0ms)
				RefreshPlugins (151ms)
				BeforeProcessingInitializeOnLoad (210ms)
				ProcessInitializeOnLoadAttributes (558ms)
				ProcessInitializeOnLoadMethodAttributes (14ms)
				AfterProcessingInitializeOnLoad (36ms)
				EditorAssembliesLoaded (11ms)
			ExecutionOrderSort2 (0ms)
			AwakeInstancesAfterBackupRestoration (20ms)
Platform modules already initialized, skipping
========================================================================
Worker process is ready to serve import requests
Launched and connected shader compiler UnityShaderCompiler.exe after 0.11 seconds
Refreshing native plugins compatible for Editor in 0.76 ms, found 5 plugins.
Preloading 0 native plugins for Editor in 0.00 ms.
Unloading 1998 Unused Serialized files (Serialized files now loaded: 0)
System memory in use before: 89.5 MB.
System memory in use after: 89.6 MB.

Unloading 26 unused Assets to reduce memory usage. Loaded Objects now: 2433.
Total: 3.773500 ms (FindLiveObjects: 0.206500 ms CreateObjectMapping: 0.081800 ms MarkObjects: 3.412100 ms  DeleteObjects: 0.071800 ms)

AssetImportParameters requested are different than current active one (requested -> active):
  custom:framework-win-MediaFoundation: 216162199b28c13a410421893ffa2e32 -> 
  custom:video-decoder-ogg-theora: a1e56fd34408186e4bbccfd4996cb3dc -> 
  custom:container-muxer-webm: aa71ff27fc2769a1b78a27578f13a17b -> 
  custom:container-demuxer-webm: 4f35f7cbe854078d1ac9338744f61a02 -> 
  custom:container-demuxer-ogg: 62fdf1f143b41e24485cea50d1cbac27 -> 
  custom:video-encoder-webm-vp8: eb34c28f22e8b96e1ab97ce403110664 -> 
  custom:video-decoder-webm-vp8: 9c59270c3fd7afecdb556c50c9e8de78 -> 
  custom:audio-decoder-ogg-vorbis: bf7c407c2cedff20999df2af8eb42d56 -> 
  custom:audio-encoder-webm-vorbis: bf7c407c2cedff20999df2af8eb42d56 -> 
========================================================================
Received Import Request.
  path: Assets/worker-slash-engineer-helmet/Renderings/worker helmet1120110723-25673-3704w9.jpg
  artifactKey: Guid(cac9e030a2323e74eb922920e42600f0) Importer(815301076,1909f56bfc062723c751e8b465ee728b)
Start importing Assets/worker-slash-engineer-helmet/Renderings/worker helmet1120110723-25673-3704w9.jpg using Guid(cac9e030a2323e74eb922920e42600f0) Importer(815301076,1909f56bfc062723c751e8b465ee728b)  -> (artifact id: '4eb542e2fde1fb056dd0bcd53a59b14c') in 0.171638 seconds 
  Import took 0.175593 seconds .

========================================================================
Received Import Request.
  Time since last request: 0.000380 seconds.
  path: Assets/worker-slash-engineer-helmet/Renderings/Construciton helmet -0005.JPG
  artifactKey: Guid(e74d50373cac52f48987603369eafaaa) Importer(815301076,1909f56bfc062723c751e8b465ee728b)
Start importing Assets/worker-slash-engineer-helmet/Renderings/Construciton helmet -0005.JPG using Guid(e74d50373cac52f48987603369eafaaa) Importer(815301076,1909f56bfc062723c751e8b465ee728b)  -> (artifact id: 'd13a19cce9ab67dc8012d44e6a9c7a2b') in 0.025256 seconds 
  Import took 0.029743 seconds .

========================================================================
Received Import Request.
  Time since last request: 0.000281 seconds.
  path: Assets/worker-slash-engineer-helmet/Renderings/worker helmet0420110723-2313-80rxu.jpg
  artifactKey: Guid(020fcf57a76ce4e4ebf11d4bee0b3634) Importer(815301076,1909f56bfc062723c751e8b465ee728b)
Start importing Assets/worker-slash-engineer-helmet/Renderings/worker helmet0420110723-2313-80rxu.jpg using Guid(020fcf57a76ce4e4ebf11d4bee0b3634) Importer(815301076,1909f56bfc062723c751e8b465ee728b)  -> (artifact id: '1b698f5c6a679565dcfc85dfc6278f64') in 0.027677 seconds 
  Import took 0.032858 seconds .

========================================================================
Received Import Request.
  Time since last request: 0.000344 seconds.
  path: Assets/worker-slash-engineer-helmet/Renderings/worker helmet0220110723-15141-1vfv8jw.jpg
  artifactKey: Guid(3ccc499d8cbfe56459d22f56ac5f58fd) Importer(815301076,1909f56bfc062723c751e8b465ee728b)
Start importing Assets/worker-slash-engineer-helmet/Renderings/worker helmet0220110723-15141-1vfv8jw.jpg using Guid(3ccc499d8cbfe56459d22f56ac5f58fd) Importer(815301076,1909f56bfc062723c751e8b465ee728b)  -> (artifact id: 'bf46cd38e1336acfae4856723c99753a') in 0.020005 seconds 
  Import took 0.024335 seconds .

========================================================================
Received Import Request.
  Time since last request: 0.000275 seconds.
  path: Assets/worker-slash-engineer-helmet/Renderings/worker helmet0620110723-18275-1y9quvc.jpg
  artifactKey: Guid(d89450e7f35ed0a41bf168af83addc65) Importer(815301076,1909f56bfc062723c751e8b465ee728b)
Start importing Assets/worker-slash-engineer-helmet/Renderings/worker helmet0620110723-18275-1y9quvc.jpg using Guid(d89450e7f35ed0a41bf168af83addc65) Importer(815301076,1909f56bfc062723c751e8b465ee728b)  -> (artifact id: '6cc96aa03823fe59aed6e9d959f47267') in 0.019894 seconds 
  Import took 0.025491 seconds .

========================================================================
Received Import Request.
  Time since last request: 0.000261 seconds.
  path: Assets/worker-slash-engineer-helmet/Renderings/worker helmet0820110723-18275-1fc8k6.jpg
  artifactKey: Guid(5491c4d5f39e7fb4d985b67b88e5d37a) Importer(815301076,1909f56bfc062723c751e8b465ee728b)
Start importing Assets/worker-slash-engineer-helmet/Renderings/worker helmet0820110723-18275-1fc8k6.jpg using Guid(5491c4d5f39e7fb4d985b67b88e5d37a) Importer(815301076,1909f56bfc062723c751e8b465ee728b)  -> (artifact id: '9b56ae45e16f3857a2f12a0afd48e984') in 0.025587 seconds 
  Import took 0.030309 seconds .

========================================================================
Received Import Request.
  Time since last request: 0.000284 seconds.
  path: Assets/worker-slash-engineer-helmet/Renderings/Construciton helmet -0004.JPG
  artifactKey: Guid(86b25907db619c34cac0448be7351757) Importer(815301076,1909f56bfc062723c751e8b465ee728b)
Start importing Assets/worker-slash-engineer-helmet/Renderings/Construciton helmet -0004.JPG using Guid(86b25907db619c34cac0448be7351757) Importer(815301076,1909f56bfc062723c751e8b465ee728b)  -> (artifact id: '76e1a3060f92c16377571ffc1c10ea5a') in 0.019191 seconds 
  Import took 0.023794 seconds .

========================================================================
Received Import Request.
  Time since last request: 0.000255 seconds.
  path: Assets/worker-slash-engineer-helmet/Renderings/Construciton helmet -0003.JPG
  artifactKey: Guid(2f46ef52cfe375f4ea65c58a0fcca01c) Importer(815301076,1909f56bfc062723c751e8b465ee728b)
Start importing Assets/worker-slash-engineer-helmet/Renderings/Construciton helmet -0003.JPG using Guid(2f46ef52cfe375f4ea65c58a0fcca01c) Importer(815301076,1909f56bfc062723c751e8b465ee728b)  -> (artifact id: 'ef067c6fd9ed977963ede657b355213d') in 0.017627 seconds 
  Import took 0.023736 seconds .

========================================================================
Received Import Request.
  Time since last request: 0.000268 seconds.
  path: Assets/worker-slash-engineer-helmet/Renderings/worker helmet0920110723-18275-195jd9q.jpg
  artifactKey: Guid(6f34ddecca067574498f25198887548a) Importer(815301076,1909f56bfc062723c751e8b465ee728b)
Start importing Assets/worker-slash-engineer-helmet/Renderings/worker helmet0920110723-18275-195jd9q.jpg using Guid(6f34ddecca067574498f25198887548a) Importer(815301076,1909f56bfc062723c751e8b465ee728b)  -> (artifact id: 'b0d27db2f1d7edaa1ef42cfd75a15303') in 0.040248 seconds 
  Import took 0.044939 seconds .

========================================================================
Received Import Request.
  Time since last request: 0.000242 seconds.
  path: Assets/worker-slash-engineer-helmet/Renderings/worker helmet0720110723-18275-1badgob.jpg
  artifactKey: Guid(d37cc591fb6e70946bb0950445af3598) Importer(815301076,1909f56bfc062723c751e8b465ee728b)
Start importing Assets/worker-slash-engineer-helmet/Renderings/worker helmet0720110723-18275-1badgob.jpg using Guid(d37cc591fb6e70946bb0950445af3598) Importer(815301076,1909f56bfc062723c751e8b465ee728b)  -> (artifact id: 'b8d0150a07f8013be9c55c9a01e04192') in 0.018869 seconds 
  Import took 0.024259 seconds .

========================================================================
Received Import Request.
  Time since last request: 0.000352 seconds.
  path: Assets/worker-slash-engineer-helmet/Renderings/Construciton helmet -0001.JPG
  artifactKey: Guid(443648d00c453334c8686f5792a314c0) Importer(815301076,1909f56bfc062723c751e8b465ee728b)
Start importing Assets/worker-slash-engineer-helmet/Renderings/Construciton helmet -0001.JPG using Guid(443648d00c453334c8686f5792a314c0) Importer(815301076,1909f56bfc062723c751e8b465ee728b)  -> (artifact id: '0c4833008d2ca127c094521627da9cce') in 0.017464 seconds 
  Import took 0.022178 seconds .

========================================================================
Received Import Request.
  Time since last request: 0.000323 seconds.
  path: Assets/worker-slash-engineer-helmet/Renderings/Construciton helmet -0002.JPG
  artifactKey: Guid(6f6e3eb7b2286e04c8b314eceb11e5a2) Importer(815301076,1909f56bfc062723c751e8b465ee728b)
Start importing Assets/worker-slash-engineer-helmet/Renderings/Construciton helmet -0002.JPG using Guid(6f6e3eb7b2286e04c8b314eceb11e5a2) Importer(815301076,1909f56bfc062723c751e8b465ee728b)  -> (artifact id: '2627c868dfe67b4b2e7fa550c3cb5a0a') in 0.023270 seconds 
  Import took 0.028862 seconds .

========================================================================
Received Import Request.
  Time since last request: 0.000316 seconds.
  path: Assets/worker-slash-engineer-helmet/Renderings/worker helmet0320110723-19942-15p6zb2.jpg
  artifactKey: Guid(cd02386131149c24c9187aa98dab46bb) Importer(815301076,1909f56bfc062723c751e8b465ee728b)
Start importing Assets/worker-slash-engineer-helmet/Renderings/worker helmet0320110723-19942-15p6zb2.jpg using Guid(cd02386131149c24c9187aa98dab46bb) Importer(815301076,1909f56bfc062723c751e8b465ee728b)  -> (artifact id: 'c1b5ac9b20a38ca87854ce68d1284a8f') in 0.019207 seconds 
  Import took 0.024163 seconds .

========================================================================
Received Import Request.
  Time since last request: 0.000749 seconds.
  path: Assets/worker-slash-engineer-helmet/Renderings/worker helmet0120110723-19151-hpd1dr.jpg
  artifactKey: Guid(a83b894735e74264389a33c2ab00c902) Importer(815301076,1909f56bfc062723c751e8b465ee728b)
Start importing Assets/worker-slash-engineer-helmet/Renderings/worker helmet0120110723-19151-hpd1dr.jpg using Guid(a83b894735e74264389a33c2ab00c902) Importer(815301076,1909f56bfc062723c751e8b465ee728b)  -> (artifact id: 'b287f71adfe374786020eaadb74d1bad') in 0.018517 seconds 
  Import took 0.023960 seconds .

========================================================================
Received Import Request.
  Time since last request: 0.000344 seconds.
  path: Assets/worker-slash-engineer-helmet/Renderings/worker helmet1020110723-2313-1qkyrb6.jpg
  artifactKey: Guid(c1f34e192619cdc4489bf5b34ffa171d) Importer(815301076,1909f56bfc062723c751e8b465ee728b)
Start importing Assets/worker-slash-engineer-helmet/Renderings/worker helmet1020110723-2313-1qkyrb6.jpg using Guid(c1f34e192619cdc4489bf5b34ffa171d) Importer(815301076,1909f56bfc062723c751e8b465ee728b)  -> (artifact id: '808e7a54e97987882e26ee5693dbebba') in 0.021300 seconds 
  Import took 0.027048 seconds .

========================================================================
Received Import Request.
  Time since last request: 0.000388 seconds.
  path: Assets/worker-slash-engineer-helmet/Renderings/safety helmet.JPG
  artifactKey: Guid(1880958ef0aa8eb41b8d39f9660e6da1) Importer(815301076,1909f56bfc062723c751e8b465ee728b)
Start importing Assets/worker-slash-engineer-helmet/Renderings/safety helmet.JPG using Guid(1880958ef0aa8eb41b8d39f9660e6da1) Importer(815301076,1909f56bfc062723c751e8b465ee728b)  -> (artifact id: 'd54e5a618c798d4a4329ced00e2804e5') in 0.018108 seconds 
  Import took 0.023579 seconds .

========================================================================
Received Import Request.
  Time since last request: 0.000371 seconds.
  path: Assets/worker-slash-engineer-helmet/Renderings/worker helmet0520110723-15141-g5thl7.jpg
  artifactKey: Guid(3b6dbbf5af24aa147a7965782b6b5b8b) Importer(815301076,1909f56bfc062723c751e8b465ee728b)
Start importing Assets/worker-slash-engineer-helmet/Renderings/worker helmet0520110723-15141-g5thl7.jpg using Guid(3b6dbbf5af24aa147a7965782b6b5b8b) Importer(815301076,1909f56bfc062723c751e8b465ee728b)  -> (artifact id: 'f3f73936a3e9d7f72b91363959c0bff3') in 0.021208 seconds 
  Import took 0.026568 seconds .

========================================================================
Received Import Request.
  Time since last request: 0.000263 seconds.
  path: Assets/worker-slash-engineer-helmet/Renderings/safety helmet.JPG
  artifactKey: Guid(1880958ef0aa8eb41b8d39f9660e6da1) Importer(815301076,1909f56bfc062723c751e8b465ee728b)
Start importing Assets/worker-slash-engineer-helmet/Renderings/safety helmet.JPG using Guid(1880958ef0aa8eb41b8d39f9660e6da1) Importer(815301076,1909f56bfc062723c751e8b465ee728b)  -> (artifact id: 'd54e5a618c798d4a4329ced00e2804e5') in 0.036569 seconds 
  Import took 0.040956 seconds .

========================================================================
Received Import Request.
  Time since last request: 0.000314 seconds.
  path: Assets/worker-slash-engineer-helmet/Renderings/worker helmet0520110723-15141-g5thl7.jpg
  artifactKey: Guid(3b6dbbf5af24aa147a7965782b6b5b8b) Importer(815301076,1909f56bfc062723c751e8b465ee728b)
Start importing Assets/worker-slash-engineer-helmet/Renderings/worker helmet0520110723-15141-g5thl7.jpg using Guid(3b6dbbf5af24aa147a7965782b6b5b8b) Importer(815301076,1909f56bfc062723c751e8b465ee728b)  -> (artifact id: 'f3f73936a3e9d7f72b91363959c0bff3') in 0.018569 seconds 
  Import took 0.023939 seconds .

========================================================================
Received Import Request.
  Time since last request: 12.384743 seconds.
  path: Assets/worker-slash-engineer-helmet/worker helmet.igs
  artifactKey: Guid(cd5c698d6f1f1f3489fabd42d31d879c) Importer(815301076,1909f56bfc062723c751e8b465ee728b)
Start importing Assets/worker-slash-engineer-helmet/worker helmet.igs using Guid(cd5c698d6f1f1f3489fabd42d31d879c) Importer(815301076,1909f56bfc062723c751e8b465ee728b)  -> (artifact id: 'f0c24361ad7e964b3ea63e89b5eebe3c') in 0.038490 seconds 
  Import took 0.058092 seconds .

========================================================================
Received Import Request.
  Time since last request: 0.883729 seconds.
  path: Assets/worker-slash-engineer-helmet/worker helmet.stl
  artifactKey: Guid(bfbc0bb597a763247bad66d5ac357819) Importer(815301076,1909f56bfc062723c751e8b465ee728b)
Start importing Assets/worker-slash-engineer-helmet/worker helmet.stl using Guid(bfbc0bb597a763247bad66d5ac357819) Importer(815301076,1909f56bfc062723c751e8b465ee728b)  -> (artifact id: 'aa4c358792c8ba6318cf4e1b447b1b19') in 0.017566 seconds 
  Import took 0.021824 seconds .

========================================================================
Received Import Request.
  Time since last request: 0.735099 seconds.
  path: Assets/worker-slash-engineer-helmet/worker helmet.stp
  artifactKey: Guid(15ed700dcc7f22c459abd22604f84090) Importer(815301076,1909f56bfc062723c751e8b465ee728b)
Start importing Assets/worker-slash-engineer-helmet/worker helmet.stp using Guid(15ed700dcc7f22c459abd22604f84090) Importer(815301076,1909f56bfc062723c751e8b465ee728b)  -> (artifact id: '43d0ee693e002e544b21a15d0dbf08b9') in 0.009779 seconds 
  Import took 0.014549 seconds .

========================================================================
Received Import Request.
  Time since last request: 0.578640 seconds.
  path: Assets/worker-slash-engineer-helmet/worker helmet.x_t
  artifactKey: Guid(006cee3c28d04b64f8f3fbe3085c72af) Importer(815301076,1909f56bfc062723c751e8b465ee728b)
Start importing Assets/worker-slash-engineer-helmet/worker helmet.x_t using Guid(006cee3c28d04b64f8f3fbe3085c72af) Importer(815301076,1909f56bfc062723c751e8b465ee728b)  -> (artifact id: '8c3f584c8cd99280057da8343f5a4a53') in 0.014564 seconds 
  Import took 0.021995 seconds .

========================================================================
Received Import Request.
  Time since last request: 435.246646 seconds.
  path: Assets/worker-slash-engineer-helmet/worker helmet v1.fbx
  artifactKey: Guid(43c8919b7b64dd14cb334d8b8a416f53) Importer(815301076,1909f56bfc062723c751e8b465ee728b)
Start importing Assets/worker-slash-engineer-helmet/worker helmet v1.fbx using Guid(43c8919b7b64dd14cb334d8b8a416f53) Importer(815301076,1909f56bfc062723c751e8b465ee728b)  -> (artifact id: 'b780996cd82f33f880b66c8ab0f58d8d') in 0.247722 seconds 
  Import took 0.254039 seconds .

========================================================================
Received Import Request.
  Time since last request: 24.248130 seconds.
  path: Assets/worker-slash-engineer-helmet/worker helmet v1.fbx
  artifactKey: Guid(43c8919b7b64dd14cb334d8b8a416f53) Importer(815301076,1909f56bfc062723c751e8b465ee728b)
Start importing Assets/worker-slash-engineer-helmet/worker helmet v1.fbx using Guid(43c8919b7b64dd14cb334d8b8a416f53) Importer(815301076,1909f56bfc062723c751e8b465ee728b)  -> (artifact id: '6da8dd35bcd11597e5501bbbc79e7e6c') in 0.217947 seconds 
  Import took 0.229787 seconds .

========================================================================
Received Import Request.
  Time since last request: 1269.393256 seconds.
  path: Assets/worker-slash-engineer-helmet/Body11.obj
  artifactKey: Guid(a0ac81309c10eb94ba75440210ebe7b2) Importer(815301076,1909f56bfc062723c751e8b465ee728b)
Start importing Assets/worker-slash-engineer-helmet/Body11.obj using Guid(a0ac81309c10eb94ba75440210ebe7b2) Importer(815301076,1909f56bfc062723c751e8b465ee728b)  -> (artifact id: '37f4b743ab33fc22e3187d0636879986') in 0.081423 seconds 
  Import took 0.086912 seconds .

========================================================================
Received Import Request.
  Time since last request: 151.495221 seconds.
  path: Assets/worker-slash-engineer-helmet/Body11.obj
  artifactKey: Guid(a0ac81309c10eb94ba75440210ebe7b2) Importer(815301076,1909f56bfc062723c751e8b465ee728b)
Start importing Assets/worker-slash-engineer-helmet/Body11.obj using Guid(a0ac81309c10eb94ba75440210ebe7b2) Importer(815301076,1909f56bfc062723c751e8b465ee728b)  -> (artifact id: 'c3a0c6ad1b6136bd7029f85a7284f18b') in 0.052819 seconds 
  Import took 0.057749 seconds .

========================================================================
Received Import Request.
  Time since last request: 2.078710 seconds.
  path: Assets/worker-slash-engineer-helmet/Body11.mtl
  artifactKey: Guid(26c9ef5c024e9ae4d8e60c0509249804) Importer(815301076,1909f56bfc062723c751e8b465ee728b)
Start importing Assets/worker-slash-engineer-helmet/Body11.mtl using Guid(26c9ef5c024e9ae4d8e60c0509249804) Importer(815301076,1909f56bfc062723c751e8b465ee728b)  -> (artifact id: 'f8ad793ef56955d12da1a46dce6fe272') in 0.011284 seconds 
  Import took 0.015773 seconds .

========================================================================
Received Import Request.
  Time since last request: 2.267960 seconds.
  path: Assets/worker-slash-engineer-helmet/Body11.3mf
  artifactKey: Guid(081f4748c09937b49ae8679827da7874) Importer(815301076,1909f56bfc062723c751e8b465ee728b)
Start importing Assets/worker-slash-engineer-helmet/Body11.3mf using Guid(081f4748c09937b49ae8679827da7874) Importer(815301076,1909f56bfc062723c751e8b465ee728b)  -> (artifact id: '57e456078840873f9813e2aadc6222cd') in 0.017206 seconds 
  Import took 0.023012 seconds .

========================================================================
Received Import Request.
  Time since last request: 108.949634 seconds.
  path: Assets/worker-slash-engineer-helmet/Body11.obj
  artifactKey: Guid(a0ac81309c10eb94ba75440210ebe7b2) Importer(815301076,1909f56bfc062723c751e8b465ee728b)
Start importing Assets/worker-slash-engineer-helmet/Body11.obj using Guid(a0ac81309c10eb94ba75440210ebe7b2) Importer(815301076,1909f56bfc062723c751e8b465ee728b)  -> (artifact id: '72a37d75e4108f7100dea9dd79f336ff') in 0.140401 seconds 
  Import took 0.154161 seconds .

========================================================================
Received Import Request.
  Time since last request: 154.511852 seconds.
  path: Assets/worker-slash-engineer-helmet/Body11.obj
  artifactKey: Guid(a0ac81309c10eb94ba75440210ebe7b2) Importer(815301076,1909f56bfc062723c751e8b465ee728b)
Start importing Assets/worker-slash-engineer-helmet/Body11.obj using Guid(a0ac81309c10eb94ba75440210ebe7b2) Importer(815301076,1909f56bfc062723c751e8b465ee728b)  -> (artifact id: '2077638c2ac88fe50873d16c7227af23') in 0.060414 seconds 
  Import took 0.065722 seconds .

========================================================================
Received Import Request.
  Time since last request: 0.002349 seconds.
  path: Assets/worker-slash-engineer-helmet/Body11.obj
  artifactKey: Guid(a0ac81309c10eb94ba75440210ebe7b2) Importer(815301076,1909f56bfc062723c751e8b465ee728b)
Start importing Assets/worker-slash-engineer-helmet/Body11.obj using Guid(a0ac81309c10eb94ba75440210ebe7b2) Importer(815301076,1909f56bfc062723c751e8b465ee728b)  -> (artifact id: '2077638c2ac88fe50873d16c7227af23') in 0.097287 seconds 
  Import took 0.102458 seconds .

========================================================================
Received Prepare
Registering precompiled user dll's ...
Registered in 0.015349 seconds.
Begin MonoManager ReloadAssembly
Native extension for WindowsStandalone target not found
Native extension for WebGL target not found
Refreshing native plugins compatible for Editor in 1.23 ms, found 5 plugins.
Preloading 0 native plugins for Editor in 0.00 ms.
Mono: successfully reloaded assembly
- Completed reload, in  2.651 seconds
Domain Reload Profiling:
	ReloadAssembly (2653ms)
		BeginReloadAssembly (352ms)
			ExecutionOrderSort (0ms)
			DisableScriptedObjects (17ms)
			BackupInstance (0ms)
			ReleaseScriptingObjects (0ms)
			CreateAndSetChildDomain (71ms)
		EndReloadAssembly (2169ms)
			LoadAssemblies (340ms)
			RebuildTransferFunctionScriptingTraits (0ms)
			SetupTypeCache (762ms)
			ReleaseScriptCaches (1ms)
			RebuildScriptCaches (58ms)
			SetupLoadedEditorAssemblies (762ms)
				LogAssemblyErrors (0ms)
				InitializePlatformSupportModulesInManaged (13ms)
				SetLoadedEditorAssemblies (1ms)
				RefreshPlugins (1ms)
				BeforeProcessingInitializeOnLoad (102ms)
				ProcessInitializeOnLoadAttributes (632ms)
				ProcessInitializeOnLoadMethodAttributes (5ms)
				AfterProcessingInitializeOnLoad (7ms)
				EditorAssembliesLoaded (0ms)
			ExecutionOrderSort2 (0ms)
			AwakeInstancesAfterBackupRestoration (9ms)
Platform modules already initialized, skipping
Refreshing native plugins compatible for Editor in 0.86 ms, found 5 plugins.
Preloading 0 native plugins for Editor in 0.00 ms.
Unloading 1983 Unused Serialized files (Serialized files now loaded: 0)
System memory in use before: 92.2 MB.
System memory in use after: 92.3 MB.

Unloading 19 unused Assets to reduce memory usage. Loaded Objects now: 2480.
Total: 3.855000 ms (FindLiveObjects: 0.213100 ms CreateObjectMapping: 0.089000 ms MarkObjects: 3.521200 ms  DeleteObjects: 0.030600 ms)

AssetImportParameters requested are different than current active one (requested -> active):
  custom:framework-win-MediaFoundation: 216162199b28c13a410421893ffa2e32 -> 
  custom:video-decoder-ogg-theora: a1e56fd34408186e4bbccfd4996cb3dc -> 
  custom:container-muxer-webm: aa71ff27fc2769a1b78a27578f13a17b -> 
  custom:container-demuxer-webm: 4f35f7cbe854078d1ac9338744f61a02 -> 
  custom:container-demuxer-ogg: 62fdf1f143b41e24485cea50d1cbac27 -> 
  custom:video-encoder-webm-vp8: eb34c28f22e8b96e1ab97ce403110664 -> 
  custom:video-decoder-webm-vp8: 9c59270c3fd7afecdb556c50c9e8de78 -> 
  custom:audio-decoder-ogg-vorbis: bf7c407c2cedff20999df2af8eb42d56 -> 
  custom:audio-encoder-webm-vorbis: bf7c407c2cedff20999df2af8eb42d56 -> 
========================================================================
Received Import Request.
  Time since last request: 378.939452 seconds.
  path: Assets/worker-slash-engineer-helmet/Body6.obj
  artifactKey: Guid(5af95042b9d894a4a80518cd719cabe6) Importer(815301076,1909f56bfc062723c751e8b465ee728b)
Start importing Assets/worker-slash-engineer-helmet/Body6.obj using Guid(5af95042b9d894a4a80518cd719cabe6) Importer(815301076,1909f56bfc062723c751e8b465ee728b)  -> (artifact id: 'eab2b6cb550df405b6a647853aeedabf') in 0.210889 seconds 
  Import took 0.215348 seconds .

========================================================================
Received Import Request.
  Time since last request: 0.000280 seconds.
  path: Assets/worker-slash-engineer-helmet/Body7.obj
  artifactKey: Guid(a3afad4fe2971f94e814d4cef59e5681) Importer(815301076,1909f56bfc062723c751e8b465ee728b)
Start importing Assets/worker-slash-engineer-helmet/Body7.obj using Guid(a3afad4fe2971f94e814d4cef59e5681) Importer(815301076,1909f56bfc062723c751e8b465ee728b)  -> (artifact id: '9dc31b3379736fab035dfa6a72b8e4c1') in 0.086279 seconds 
  Import took 0.093091 seconds .

========================================================================
Received Import Request.
  Time since last request: 0.000577 seconds.
  path: Assets/worker-slash-engineer-helmet/Body9.obj
  artifactKey: Guid(b11148fc5355b724e8045468d76edeeb) Importer(815301076,1909f56bfc062723c751e8b465ee728b)
Start importing Assets/worker-slash-engineer-helmet/Body9.obj using Guid(b11148fc5355b724e8045468d76edeeb) Importer(815301076,1909f56bfc062723c751e8b465ee728b)  -> (artifact id: '10a5559d64598fcb6d10abcf9dcde840') in 0.113760 seconds 
  Import took 0.128134 seconds .

========================================================================
Received Import Request.
  Time since last request: 0.000458 seconds.
  path: Assets/worker-slash-engineer-helmet/Body10.obj
  artifactKey: Guid(9118c62645813ec4c82412022dcfa56c) Importer(815301076,1909f56bfc062723c751e8b465ee728b)
Start importing Assets/worker-slash-engineer-helmet/Body10.obj using Guid(9118c62645813ec4c82412022dcfa56c) Importer(815301076,1909f56bfc062723c751e8b465ee728b)  -> (artifact id: 'cc92dbb201519f5ad51ec265b8bcb26b') in 0.053033 seconds 
  Import took 0.061052 seconds .

========================================================================
Received Import Request.
  Time since last request: 0.000325 seconds.
  path: Assets/worker-slash-engineer-helmet/Body8.obj
  artifactKey: Guid(efe5d26cdb26d294d855ff7eeccbbed4) Importer(815301076,1909f56bfc062723c751e8b465ee728b)
Start importing Assets/worker-slash-engineer-helmet/Body8.obj using Guid(efe5d26cdb26d294d855ff7eeccbbed4) Importer(815301076,1909f56bfc062723c751e8b465ee728b)  -> (artifact id: 'd0ffef2ce0b9aaef9a18ca0d7bece0a6') in 0.041154 seconds 
  Import took 0.044565 seconds .

========================================================================
Received Import Request.
  Time since last request: 6.613689 seconds.
  path: Assets/worker-slash-engineer-helmet/Body6.obj
  artifactKey: Guid(5af95042b9d894a4a80518cd719cabe6) Importer(815301076,1909f56bfc062723c751e8b465ee728b)
Start importing Assets/worker-slash-engineer-helmet/Body6.obj using Guid(5af95042b9d894a4a80518cd719cabe6) Importer(815301076,1909f56bfc062723c751e8b465ee728b)  -> (artifact id: '1272292d6a53b4750e43f8aeba283ab6') in 0.117546 seconds 
  Import took 0.133055 seconds .

========================================================================
Received Import Request.
  Time since last request: 4.586066 seconds.
  path: Assets/worker-slash-engineer-helmet/Body7.obj
  artifactKey: Guid(a3afad4fe2971f94e814d4cef59e5681) Importer(815301076,1909f56bfc062723c751e8b465ee728b)
Start importing Assets/worker-slash-engineer-helmet/Body7.obj using Guid(a3afad4fe2971f94e814d4cef59e5681) Importer(815301076,1909f56bfc062723c751e8b465ee728b)  -> (artifact id: '2e63e44d5b4cc968d64c8b190bfc6a4f') in 0.079339 seconds 
  Import took 0.083574 seconds .

========================================================================
Received Import Request.
  Time since last request: 6.525318 seconds.
  path: Assets/worker-slash-engineer-helmet/Body8.obj
  artifactKey: Guid(efe5d26cdb26d294d855ff7eeccbbed4) Importer(815301076,1909f56bfc062723c751e8b465ee728b)
Start importing Assets/worker-slash-engineer-helmet/Body8.obj using Guid(efe5d26cdb26d294d855ff7eeccbbed4) Importer(815301076,1909f56bfc062723c751e8b465ee728b)  -> (artifact id: '9368f8e9554ba9e8e1aa6c760a708f39') in 0.078716 seconds 
  Import took 0.086347 seconds .

========================================================================
Received Import Request.
  Time since last request: 4.064357 seconds.
  path: Assets/worker-slash-engineer-helmet/Body9.obj
  artifactKey: Guid(b11148fc5355b724e8045468d76edeeb) Importer(815301076,1909f56bfc062723c751e8b465ee728b)
Start importing Assets/worker-slash-engineer-helmet/Body9.obj using Guid(b11148fc5355b724e8045468d76edeeb) Importer(815301076,1909f56bfc062723c751e8b465ee728b)  -> (artifact id: '549bb10ad98abe32de7d90be5e4a5517') in 0.107741 seconds 
  Import took 0.124024 seconds .

========================================================================
Received Import Request.
  Time since last request: 14.042734 seconds.
  path: Assets/worker-slash-engineer-helmet/Body10.obj
  artifactKey: Guid(9118c62645813ec4c82412022dcfa56c) Importer(815301076,1909f56bfc062723c751e8b465ee728b)
Start importing Assets/worker-slash-engineer-helmet/Body10.obj using Guid(9118c62645813ec4c82412022dcfa56c) Importer(815301076,1909f56bfc062723c751e8b465ee728b)  -> (artifact id: 'db306d1a20ad9378d5045809ed9a079e') in 0.078518 seconds 
  Import took 0.083517 seconds .

AssetImportWorkerClient::OnTransportError - code=2 error=End of file
